2024-04-24 21:34:21,415:WARNING:
'cuml' is a soft dependency and not included in the pycaret installation. Please run: `pip install cuml` to install.
2024-04-24 21:34:21,415:WARNING:
'cuml' is a soft dependency and not included in the pycaret installation. Please run: `pip install cuml` to install.
2024-04-24 21:34:21,415:WARNING:
'cuml' is a soft dependency and not included in the pycaret installation. Please run: `pip install cuml` to install.
2024-04-24 21:34:21,415:WARNING:
'cuml' is a soft dependency and not included in the pycaret installation. Please run: `pip install cuml` to install.
2024-04-24 21:44:25,924:WARNING:C:\Users\safan\AppData\Local\Programs\Python\Python311\Lib\site-packages\ydata_profiling\model\correlations.py:66: UserWarning: There was an attempt to calculate the auto correlation, but this failed.
To hide this warning, disable the calculation
(using `df.profile_report(correlations={"auto": {"calculate": False}})`
If this is problematic for your use case, please report this as an issue:
https://github.com/ydataai/ydata-profiling/issues
(include the error message: 'Function <code object pandas_auto_compute at 0x000001A0C85AB300, file "C:\Users\safan\AppData\Local\Programs\Python\Python311\Lib\site-packages\ydata_profiling\model\pandas\correlations_pandas.py", line 164>')
  warnings.warn(

2024-04-25 00:37:12,105:WARNING:C:\Users\safan\AppData\Local\Programs\Python\Python311\Lib\site-packages\ydata_profiling\model\correlations.py:66: UserWarning: There was an attempt to calculate the auto correlation, but this failed.
To hide this warning, disable the calculation
(using `df.profile_report(correlations={"auto": {"calculate": False}})`
If this is problematic for your use case, please report this as an issue:
https://github.com/ydataai/ydata-profiling/issues
(include the error message: 'Function <code object pandas_auto_compute at 0x000001A0C85AB300, file "C:\Users\safan\AppData\Local\Programs\Python\Python311\Lib\site-packages\ydata_profiling\model\pandas\correlations_pandas.py", line 164>')
  warnings.warn(

2024-04-25 00:39:27,557:WARNING:
'cuml' is a soft dependency and not included in the pycaret installation. Please run: `pip install cuml` to install.
2024-04-25 00:39:27,557:WARNING:
'cuml' is a soft dependency and not included in the pycaret installation. Please run: `pip install cuml` to install.
2024-04-25 00:39:27,557:WARNING:
'cuml' is a soft dependency and not included in the pycaret installation. Please run: `pip install cuml` to install.
2024-04-25 00:39:27,557:WARNING:
'cuml' is a soft dependency and not included in the pycaret installation. Please run: `pip install cuml` to install.
2024-04-25 00:40:25,148:WARNING:C:\Users\safan\AppData\Local\Programs\Python\Python311\Lib\site-packages\ydata_profiling\model\correlations.py:66: UserWarning: There was an attempt to calculate the auto correlation, but this failed.
To hide this warning, disable the calculation
(using `df.profile_report(correlations={"auto": {"calculate": False}})`
If this is problematic for your use case, please report this as an issue:
https://github.com/ydataai/ydata-profiling/issues
(include the error message: 'Function <code object pandas_auto_compute at 0x000002B6D06637E0, file "C:\Users\safan\AppData\Local\Programs\Python\Python311\Lib\site-packages\ydata_profiling\model\pandas\correlations_pandas.py", line 164>')
  warnings.warn(

2024-04-25 00:40:41,549:WARNING:C:\Users\safan\AppData\Local\Programs\Python\Python311\Lib\site-packages\ydata_profiling\model\correlations.py:66: UserWarning: There was an attempt to calculate the auto correlation, but this failed.
To hide this warning, disable the calculation
(using `df.profile_report(correlations={"auto": {"calculate": False}})`
If this is problematic for your use case, please report this as an issue:
https://github.com/ydataai/ydata-profiling/issues
(include the error message: 'Function <code object pandas_auto_compute at 0x000002B6D06637E0, file "C:\Users\safan\AppData\Local\Programs\Python\Python311\Lib\site-packages\ydata_profiling\model\pandas\correlations_pandas.py", line 164>')
  warnings.warn(

